<?xml version="1.0" encoding="UTF-8"?>
<!-- Generated by org.testng.reporters.JUnitXMLReporter -->
<testsuite ignored="0" hostname="DESKTOP-4TDFORU" failures="0" tests="3" name="Default test" time="11.593" errors="0" timestamp="2026-07-11T10:01:58 IST">
  <testcase classname="practice.DataProviderPractice" name="demo" time="4.736"/>
  <testcase classname="practice.DataProviderPractice" name="demo" time="3.318"/>
  <testcase classname="practice.DataProviderPractice" name="demo" time="3.423"/>
</testsuite> <!-- Default test -->
