<?xml version="1.0" encoding="UTF-8"?>
<!-- Generated by org.testng.reporters.JUnitXMLReporter -->
<testsuite ignored="0" hostname="DESKTOP-4TDFORU" failures="1" tests="1" name="Test1" time="24.162" errors="0" timestamp="2026-07-09T22:33:32 IST">
  <testcase classname="TestCaseRepo.TC_001" name="LE_001" time="9.458">
    <failure type="java.lang.AssertionError" message="null">
      <![CDATA[java.lang.AssertionError: null
at TestCaseRepo.TC_001.LE_001(TC_001.java:25)
at java.base/java.util.ArrayList.forEach(ArrayList.java:1511)
... Removed 27 stack frames]]>
    </failure>
  </testcase> <!-- LE_001 -->
</testsuite> <!-- Test1 -->
