<?xml version="1.0" encoding="UTF-8"?>
<!-- Generated by org.testng.reporters.JUnitXMLReporter -->
<testsuite ignored="0" hostname="DESKTOP-4TDFORU" failures="0" tests="4" name="Test1" time="72.782" errors="0" timestamp="2026-07-15T12:49:32 IST">
  <testcase classname="TestCaseRepo.TC_001Test" name="LE_001" time="14.544">
    <skipped/>
  </testcase> <!-- LE_001 -->
  <testcase classname="TestCaseRepo.TC_001Test" name="LE_001" time="10.15">
    <skipped/>
  </testcase> <!-- LE_001 -->
  <testcase classname="TestCaseRepo.TC_001Test" name="LE_001" time="9.96">
    <skipped/>
  </testcase> <!-- LE_001 -->
  <testcase classname="TestCaseRepo.TC_001Test" name="LE_001" time="15.172"/>
</testsuite> <!-- Test1 -->
