<?xml version="1.0" encoding="UTF-8"?>
<!-- Generated by org.testng.reporters.JUnitXMLReporter -->
<testsuite ignored="0" hostname="DESKTOP-4TDFORU" failures="0" tests="4" name="Test2" time="71.996" errors="0" timestamp="2026-07-15T12:50:45 IST">
  <testcase classname="TestCaseRepo.TC_001Test" name="LE_001" time="13.763">
    <skipped/>
  </testcase> <!-- LE_001 -->
  <testcase classname="TestCaseRepo.TC_001Test" name="LE_001" time="8.918">
    <skipped/>
  </testcase> <!-- LE_001 -->
  <testcase classname="TestCaseRepo.TC_001Test" name="LE_001" time="9.434">
    <skipped/>
  </testcase> <!-- LE_001 -->
  <testcase classname="TestCaseRepo.TC_001Test" name="LE_001" time="13.159"/>
</testsuite> <!-- Test2 -->
