<?xml version="1.0" encoding="UTF-8"?>
<testsuite xmlns:xsi="http://www.w3.org/2001/XMLSchema-instance" xsi:noNamespaceSchemaLocation="https://maven.apache.org/surefire/maven-surefire-plugin/xsd/surefire-test-report.xsd" version="3.0.2" name="TestSuite" time="146.986" tests="8" errors="0" skipped="6" failures="0">
  <properties>
[...]
</properties>
  <testcase name="LE_001" classname="TestCaseRepo.TC_001Test" time="0.0">
    <skipped message="null"/>
    <system-out><![CDATA[DB connection created
 on  start executed
Browser launched
Login Done 
LE_001--- on test start executed
]]></system-out>
    <system-err><![CDATA[SLF4J(W): No SLF4J providers were found.
SLF4J(W): Defaulting to no-operation (NOP) logger implementation
SLF4J(W): See https://www.slf4j.org/codes.html#noProviders for further details.
Jul 15, 2026 12:48:23 PM org.openqa.selenium.devtools.CdpVersionFinder findNearestMatch
WARNING: Unable to find an exact match for CDP version 150, returning the closest version; found: 147; Please update to a Selenium version that supports CDP version 150
]]></system-err>
  </testcase>
  <testcase name="LE_001" classname="TestCaseRepo.TC_001Test" time="0.0">
    <skipped message="null"/>
    <system-out><![CDATA[LE_001--- on test skipped executed
Logout done
Login Done 
LE_001--- on test start executed
]]></system-out>
  </testcase>
  <testcase name="LE_001" classname="TestCaseRepo.TC_001Test" time="0.0">
    <skipped message="null"/>
    <system-out><![CDATA[LE_001--- on test skipped executed
Logout done
Login Done 
LE_001--- on test start executed
]]></system-out>
  </testcase>
  <testcase name="LE_001" classname="TestCaseRepo.TC_001Test" time="15.169">
    <system-out><![CDATA[LE_001--- on test skipped executed
Logout done
Login Done 
LE_001--- on test start executed
2026-07-15T07:19:23.636180900Z main ERROR Log4j API could not find a logging provider.
]]></system-out>
  </testcase>
  <testcase name="LE_001" classname="TestCaseRepo.TC_001Test" time="0.0">
    <skipped message="null"/>
    <system-out><![CDATA[LE_001--- on test success executed
Logout done
Browser closed
 on finish executed
 on  start executed
Browser launched
Login Done 
LE_001--- on test start executed
]]></system-out>
    <system-err><![CDATA[Jul 15, 2026 12:49:37 PM org.openqa.selenium.devtools.CdpVersionFinder findNearestMatch
WARNING: Unable to find an exact match for CDP version 150, returning the closest version; found: 147; Please update to a Selenium version that supports CDP version 150
]]></system-err>
  </testcase>
  <testcase name="LE_001" classname="TestCaseRepo.TC_001Test" time="0.0">
    <skipped message="null"/>
    <system-out><![CDATA[LE_001--- on test skipped executed
Logout done
Login Done 
LE_001--- on test start executed
]]></system-out>
  </testcase>
  <testcase name="LE_001" classname="TestCaseRepo.TC_001Test" time="0.0">
    <skipped message="null"/>
    <system-out><![CDATA[LE_001--- on test skipped executed
Logout done
Login Done 
LE_001--- on test start executed
]]></system-out>
  </testcase>
  <testcase name="LE_001" classname="TestCaseRepo.TC_001Test" time="13.154">
    <system-out><![CDATA[LE_001--- on test skipped executed
Logout done
Login Done 
LE_001--- on test start executed
]]></system-out>
  </testcase>
</testsuite>