<?xml version="1.0" encoding="UTF-8"?>
<!-- Generated by org.testng.reporters.JUnitXMLReporter -->
<testsuite ignored="4" hostname="DESKTOP-4TDFORU" failures="0" tests="6" name="Test" time="131.649" errors="0" timestamp="2026-07-15T10:07:52 IST">
  <testcase classname="TestCaseRepo.TC_001Test" name="LE_001" time="13.026">
    <skipped/>
  </testcase> <!-- LE_001 -->
  <testcase classname="TestCaseRepo.TC_001Test" name="LE_001" time="10.178">
    <skipped/>
  </testcase> <!-- LE_001 -->
  <testcase classname="TestCaseRepo.TC_001Test" name="LE_001" time="11.541">
    <skipped/>
  </testcase> <!-- LE_001 -->
  <testcase classname="TestCaseRepo.TC_001Test" name="LE_001" time="9.947"/>
  <testcase classname="TestCaseRepo.TC_003" name="LE_003" time="16.29"/>
  <testcase classname="TestCaseRepo.TC_005" name="CON_002" time="15.98"/>
  <testcase classname="genericUtility.BaseClass" name="@BeforeSuite bsConfig" time="0.0">
    <ignored/>
  </testcase> <!-- @BeforeSuite bsConfig -->
  <testcase classname="genericUtility.BaseClass" name="@AfterSuite asConfig" time="0.0">
    <ignored/>
  </testcase> <!-- @AfterSuite asConfig -->
  <testcase classname="genericUtility.BaseClass" name="@BeforeSuite bsConfig" time="0.0">
    <ignored/>
  </testcase> <!-- @BeforeSuite bsConfig -->
  <testcase classname="genericUtility.BaseClass" name="@AfterSuite asConfig" time="0.0">
    <ignored/>
  </testcase> <!-- @AfterSuite asConfig -->
</testsuite> <!-- Test -->
