<?xml version="1.0" encoding="UTF-8"?>
<!-- Generated by org.testng.reporters.JUnitReportReporter -->
<testsuite hostname="DESKTOP-4TDFORU" failures="0" tests="3" name="practice.DataProviderPractice" time="11.477" errors="0" timestamp="2026-07-11T10:01:58 IST" skipped="0">
  <testcase classname="practice.DataProviderPractice" name="demo" time="4.736"/>
  <testcase classname="practice.DataProviderPractice" name="demo" time="3.423"/>
  <testcase classname="practice.DataProviderPractice" name="demo" time="3.318"/>
</testsuite> <!-- practice.DataProviderPractice -->
