<?xml version="1.0" encoding="UTF-8"?>
<!-- Generated by org.testng.reporters.JUnitReportReporter -->
<testsuite hostname="Mukilan-PC" failures="0" tests="4" name="practice.TestNGPractice" time="0.012" errors="0" timestamp="2026-07-08T09:29:59 IST" skipped="0">
  <testcase classname="practice.TestNGPractice" name="meme" time="0.008"/>
  <testcase classname="practice.TestNGPractice" name="watch" time="0.001"/>
  <testcase classname="practice.TestNGPractice" name="play" time="0.002"/>
  <testcase classname="practice.TestNGPractice" name="eat" time="0.001"/>
</testsuite> <!-- practice.TestNGPractice -->
