<?xml version="1.0" encoding="UTF-8"?>
<!-- Generated by org.testng.reporters.JUnitReportReporter -->
<testsuite hostname="DESKTOP-4TDFORU" failures="0" tests="4" name="TestCaseRepo.TC_001" time="69.393" errors="0" timestamp="2026-07-10T10:21:08 IST" skipped="3">
  <testcase classname="TestCaseRepo.TC_001" name="LE_001" time="12.549">
    <skipped/>
  </testcase> <!-- LE_001 -->
  <testcase classname="TestCaseRepo.TC_001" name="LE_001" time="15.161">
    <skipped/>
  </testcase> <!-- LE_001 -->
  <testcase classname="TestCaseRepo.TC_001" name="LE_001" time="22.347"/>
  <testcase classname="TestCaseRepo.TC_001" name="LE_001" time="19.336">
    <skipped/>
  </testcase> <!-- LE_001 -->
</testsuite> <!-- TestCaseRepo.TC_001 -->
