<?xml version="1.0" encoding="UTF-8"?>
<!-- Generated by org.testng.reporters.JUnitReportReporter -->
<testsuite hostname="DESKTOP-4TDFORU" failures="0" tests="4" name="practice.TestNGPractice" time="0.012" errors="0" timestamp="2026-07-15T09:09:46 IST" skipped="0">
  <testcase classname="practice.TestNGPractice" name="meme" time="0.010"/>
  <testcase classname="practice.TestNGPractice" name="watch" time="0.000"/>
  <testcase classname="practice.TestNGPractice" name="play" time="0.001"/>
  <testcase classname="practice.TestNGPractice" name="eat" time="0.001"/>
</testsuite> <!-- practice.TestNGPractice -->
