<?xml version="1.0" encoding="UTF-8"?>
<!-- Generated by org.testng.reporters.JUnitReportReporter -->
<testsuite hostname="DESKTOP-4TDFORU" failures="0" tests="8" name="TestCaseRepo.TC_001Test" time="132.735" errors="0" timestamp="2026-07-15T12:50:45 IST" skipped="6">
  <testcase classname="TestCaseRepo.TC_001Test" name="LE_001" time="16.101">
    <skipped/>
  </testcase> <!-- LE_001 -->
  <testcase classname="TestCaseRepo.TC_001Test" name="LE_001" time="11.743">
    <skipped/>
  </testcase> <!-- LE_001 -->
  <testcase classname="TestCaseRepo.TC_001Test" name="LE_001" time="12.819">
    <skipped/>
  </testcase> <!-- LE_001 -->
  <testcase classname="TestCaseRepo.TC_001Test" name="LE_001" time="14.900">
    <skipped/>
  </testcase> <!-- LE_001 -->
  <testcase classname="TestCaseRepo.TC_001Test" name="LE_001" time="20.691"/>
  <testcase classname="TestCaseRepo.TC_001Test" name="LE_001" time="17.121">
    <skipped/>
  </testcase> <!-- LE_001 -->
  <testcase classname="TestCaseRepo.TC_001Test" name="LE_001" time="19.754">
    <skipped/>
  </testcase> <!-- LE_001 -->
  <testcase classname="TestCaseRepo.TC_001Test" name="LE_001" time="19.606"/>
</testsuite> <!-- TestCaseRepo.TC_001Test -->
